-------------------------------------------------------------------------------
Test set: BonusServiceTest
-------------------------------------------------------------------------------
Tests run: 6, Failures: 2, Errors: 0, Skipped: 0, Time elapsed: 0.079 s <<< FAILURE! - in BonusServiceTest
shouldCalculateForUnregisteredAndNegativeAmount  Time elapsed: 0.022 s  <<< FAILURE!
org.opentest4j.AssertionFailedError: expected: <500> but was: <-30000>
	at BonusServiceTest.shouldCalculateForUnregisteredAndNegativeAmount(BonusServiceTest.java:66)

shouldCalculateForUnregisteredAndNegativeExpected  Time elapsed: 0 s  <<< FAILURE!
org.opentest4j.AssertionFailedError: expected: <-200> but was: <500>
	at BonusServiceTest.shouldCalculateForUnregisteredAndNegativeExpected(BonusServiceTest.java:82)

